kotlin version: 2.0.0-RC3
error message: org.jetbrains.kotlin.backend.common.BackendException: Backend Internal error: Exception during IR lowering
File being compiled: /Users/Haizhen/AndroidStudioProjects/AndroidAppTemplate/library/library_image_load/src/main/java/com/app/library_image_load/$Coil.kt
The root cause java.lang.RuntimeException was thrown at: org.jetbrains.kotlin.backend.jvm.codegen.FunctionCodegen.generate(FunctionCodegen.kt:50)
	at org.jetbrains.kotlin.backend.common.CodegenUtil.reportBackendException(CodegenUtil.kt:253)
	at org.jetbrains.kotlin.backend.common.CodegenUtil.reportBackendException$default(CodegenUtil.kt:236)
	at org.jetbrains.kotlin.backend.common.phaser.PerformByIrFilePhase.invokeSequential(performByIrFile.kt:65)
	at org.jetbrains.kotlin.backend.common.phaser.PerformByIrFilePhase.invoke(performByIrFile.kt:52)
	at org.jetbrains.kotlin.backend.common.phaser.PerformByIrFilePhase.invoke(performByIrFile.kt:38)
	at org.jetbrains.kotlin.backend.common.phaser.NamedCompilerPhase.phaseBody(CompilerPhase.kt:166)
	at org.jetbrains.kotlin.backend.common.phaser.AbstractNamedCompilerPhase.invoke(CompilerPhase.kt:113)
	at org.jetbrains.kotlin.backend.common.phaser.CompositePhase.invoke(PhaseBuilders.kt:29)
	at org.jetbrains.kotlin.backend.common.phaser.CompositePhase.invoke(PhaseBuilders.kt:16)
	at org.jetbrains.kotlin.backend.common.phaser.NamedCompilerPhase.phaseBody(CompilerPhase.kt:166)
	at org.jetbrains.kotlin.backend.common.phaser.AbstractNamedCompilerPhase.invoke(CompilerPhase.kt:113)
	at org.jetbrains.kotlin.backend.common.phaser.CompilerPhaseKt.invokeToplevel(CompilerPhase.kt:62)
	at org.jetbrains.kotlin.backend.jvm.JvmIrCodegenFactory.invokeCodegen(JvmIrCodegenFactory.kt:371)
	at org.jetbrains.kotlin.codegen.CodegenFactory.generateModule(CodegenFactory.kt:47)
	at org.jetbrains.kotlin.backend.jvm.JvmIrCodegenFactory.generateModuleInFrontendIRMode(JvmIrCodegenFactory.kt:433)
	at org.jetbrains.kotlin.cli.jvm.compiler.pipeline.JvmCompilerPipelineKt.generateCodeFromIr(jvmCompilerPipeline.kt:241)
	at org.jetbrains.kotlin.cli.jvm.compiler.pipeline.JvmCompilerPipelineKt.compileModulesUsingFrontendIrAndLightTree(jvmCompilerPipeline.kt:140)
	at org.jetbrains.kotlin.cli.jvm.K2JVMCompiler.doExecute(K2JVMCompiler.kt:155)
	at org.jetbrains.kotlin.cli.jvm.K2JVMCompiler.doExecute(K2JVMCompiler.kt:50)
	at org.jetbrains.kotlin.cli.common.CLICompiler.execImpl(CLICompiler.kt:104)
	at org.jetbrains.kotlin.cli.common.CLICompiler.execImpl(CLICompiler.kt:48)
	at org.jetbrains.kotlin.cli.common.CLITool.exec(CLITool.kt:101)
	at org.jetbrains.kotlin.incremental.IncrementalJvmCompilerRunner.runCompiler(IncrementalJvmCompilerRunner.kt:453)
	at org.jetbrains.kotlin.incremental.IncrementalJvmCompilerRunner.runCompiler(IncrementalJvmCompilerRunner.kt:62)
	at org.jetbrains.kotlin.incremental.IncrementalCompilerRunner.doCompile(IncrementalCompilerRunner.kt:506)
	at org.jetbrains.kotlin.incremental.IncrementalCompilerRunner.compileImpl(IncrementalCompilerRunner.kt:423)
	at org.jetbrains.kotlin.incremental.IncrementalCompilerRunner.compileNonIncrementally(IncrementalCompilerRunner.kt:301)
	at org.jetbrains.kotlin.incremental.IncrementalCompilerRunner.compile(IncrementalCompilerRunner.kt:129)
	at org.jetbrains.kotlin.daemon.CompileServiceImplBase.execIncrementalCompiler(CompileServiceImpl.kt:676)
	at org.jetbrains.kotlin.daemon.CompileServiceImplBase.access$execIncrementalCompiler(CompileServiceImpl.kt:92)
	at org.jetbrains.kotlin.daemon.CompileServiceImpl.compile(CompileServiceImpl.kt:1661)
	at jdk.internal.reflect.GeneratedMethodAccessor102.invoke(Unknown Source)
	at java.base/jdk.internal.reflect.DelegatingMethodAccessorImpl.invoke(Unknown Source)
	at java.base/java.lang.reflect.Method.invoke(Unknown Source)
	at java.rmi/sun.rmi.server.UnicastServerRef.dispatch(Unknown Source)
	at java.rmi/sun.rmi.transport.Transport$1.run(Unknown Source)
	at java.rmi/sun.rmi.transport.Transport$1.run(Unknown Source)
	at java.base/java.security.AccessController.doPrivileged(Unknown Source)
	at java.rmi/sun.rmi.transport.Transport.serviceCall(Unknown Source)
	at java.rmi/sun.rmi.transport.tcp.TCPTransport.handleMessages(Unknown Source)
	at java.rmi/sun.rmi.transport.tcp.TCPTransport$ConnectionHandler.run0(Unknown Source)
	at java.rmi/sun.rmi.transport.tcp.TCPTransport$ConnectionHandler.lambda$run$0(Unknown Source)
	at java.base/java.security.AccessController.doPrivileged(Unknown Source)
	at java.rmi/sun.rmi.transport.tcp.TCPTransport$ConnectionHandler.run(Unknown Source)
	at java.base/java.util.concurrent.ThreadPoolExecutor.runWorker(Unknown Source)
	at java.base/java.util.concurrent.ThreadPoolExecutor$Worker.run(Unknown Source)
	at java.base/java.lang.Thread.run(Unknown Source)
Caused by: java.lang.RuntimeException: Exception while generating code for:
FUN LOCAL_FUNCTION_FOR_LAMBDA name:SubComposeAsyncImage_QgsmV_s$lambda$7 visibility:private modality:FINAL <> ($state:androidx.compose.runtime.MutableState<kotlin.Byte>, $emptyStateContent:@[Composable] @[ExtensionFunctionType] kotlin.Function1<coil.compose.SubcomposeAsyncImageScope, kotlin.Unit>, $errorStateContent:@[Composable] @[ExtensionFunctionType] kotlin.Function1<coil.compose.SubcomposeAsyncImageScope, kotlin.Unit>, $loadingStateContent:@[Composable] @[ExtensionFunctionType] kotlin.Function1<coil.compose.SubcomposeAsyncImageScope, kotlin.Unit>, $placeholderContent:@[Composable] @[ExtensionFunctionType] kotlin.Function1<coil.compose.SubcomposeAsyncImageScope, kotlin.Unit>, $animatedLoadingStateContent:@[Composable] @[ExtensionFunctionType] kotlin.Function1<androidx.compose.animation.AnimatedVisibilityScope, kotlin.Unit>, $animatedLoadingDurationMillis:kotlin.Int, $this$SubcomposeAsyncImage:coil.compose.SubcomposeAsyncImageScope) returnType:kotlin.Unit?
  VALUE_PARAMETER BOUND_VALUE_PARAMETER name:$state index:0 type:androidx.compose.runtime.MutableState<kotlin.Byte>
  VALUE_PARAMETER BOUND_VALUE_PARAMETER name:$emptyStateContent index:1 type:@[Composable] @[ExtensionFunctionType] kotlin.Function1<coil.compose.SubcomposeAsyncImageScope, kotlin.Unit>
  VALUE_PARAMETER BOUND_VALUE_PARAMETER name:$errorStateContent index:2 type:@[Composable] @[ExtensionFunctionType] kotlin.Function1<coil.compose.SubcomposeAsyncImageScope, kotlin.Unit>
  VALUE_PARAMETER BOUND_VALUE_PARAMETER name:$loadingStateContent index:3 type:@[Composable] @[ExtensionFunctionType] kotlin.Function1<coil.compose.SubcomposeAsyncImageScope, kotlin.Unit>
  VALUE_PARAMETER BOUND_VALUE_PARAMETER name:$placeholderContent index:4 type:@[Composable] @[ExtensionFunctionType] kotlin.Function1<coil.compose.SubcomposeAsyncImageScope, kotlin.Unit>
  VALUE_PARAMETER BOUND_VALUE_PARAMETER name:$animatedLoadingStateContent index:5 type:@[Composable] @[ExtensionFunctionType] kotlin.Function1<androidx.compose.animation.AnimatedVisibilityScope, kotlin.Unit>
  VALUE_PARAMETER BOUND_VALUE_PARAMETER name:$animatedLoadingDurationMillis index:6 type:kotlin.Int
  VALUE_PARAMETER name:$this$SubcomposeAsyncImage index:7 type:coil.compose.SubcomposeAsyncImageScope
  BLOCK_BODY
    CALL 'public final fun Box$default (modifier: androidx.compose.ui.Modifier?, contentAlignment: androidx.compose.ui.Alignment?, propagateMinConstraints: kotlin.Boolean, content: @[Composable] @[ExtensionFunctionType] kotlin.Function1<androidx.compose.foundation.layout.BoxScope, kotlin.Unit>, $mask0: kotlin.Int, $handler: kotlin.Any?): kotlin.Unit [inline] declared in androidx.compose.foundation.layout.BoxKt' type=kotlin.Unit origin=DEFAULT_DISPATCH_CALL
      modifier: CALL 'public abstract fun matchParentSize (): androidx.compose.ui.Modifier [fake_override] declared in coil.compose.SubcomposeAsyncImageScope' type=androidx.compose.ui.Modifier origin=null
        $this: GET_VAR '$this$SubcomposeAsyncImage: coil.compose.SubcomposeAsyncImageScope declared in com.app.library_image_load._CoilKt.SubComposeAsyncImage_QgsmV_s$lambda$7' type=coil.compose.SubcomposeAsyncImageScope origin=null
        $receiver: GET_FIELD 'FIELD FIELD_FOR_OBJECT_INSTANCE name:Companion type:androidx.compose.ui.Modifier.Companion visibility:public [final,static]' type=androidx.compose.ui.Modifier.Companion origin=null
      contentAlignment: COMPOSITE type=androidx.compose.ui.Alignment? origin=DEFAULT_VALUE
        CONST Null type=androidx.compose.ui.Alignment? value=null
      propagateMinConstraints: COMPOSITE type=kotlin.Boolean origin=DEFAULT_VALUE
        CONST Boolean type=kotlin.Boolean value=false
      content: BLOCK type=@[ExtensionFunctionType] kotlin.Function1<androidx.compose.foundation.layout.BoxScope, kotlin.Unit> origin=LAMBDA
        COMPOSITE type=kotlin.Unit origin=null
        FUNCTION_REFERENCE 'private final fun SubComposeAsyncImage_QgsmV_s$lambda$7$lambda$6 ($state: androidx.compose.runtime.MutableState<kotlin.Byte>, $emptyStateContent: @[Composable] @[ExtensionFunctionType] kotlin.Function1<coil.compose.SubcomposeAsyncImageScope, kotlin.Unit>, $this_SubcomposeAsyncImage: coil.compose.SubcomposeAsyncImageScope, $errorStateContent: @[Composable] @[ExtensionFunctionType] kotlin.Function1<coil.compose.SubcomposeAsyncImageScope, kotlin.Unit>, $loadingStateContent: @[Composable] @[ExtensionFunctionType] kotlin.Function1<coil.compose.SubcomposeAsyncImageScope, kotlin.Unit>, $placeholderContent: @[Composable] @[ExtensionFunctionType] kotlin.Function1<coil.compose.SubcomposeAsyncImageScope, kotlin.Unit>, $animatedLoadingStateContent: @[Composable] @[ExtensionFunctionType] kotlin.Function1<androidx.compose.animation.AnimatedVisibilityScope, kotlin.Unit>, $animatedLoadingDurationMillis: kotlin.Int): kotlin.Unit declared in com.app.library_image_load._CoilKt' type=@[ExtensionFunctionType] kotlin.Function1<androidx.compose.foundation.layout.BoxScope, kotlin.Unit> origin=INLINE_LAMBDA reflectionTarget=null
          $state: GET_VAR '$state: androidx.compose.runtime.MutableState<kotlin.Byte> declared in com.app.library_image_load._CoilKt.SubComposeAsyncImage_QgsmV_s$lambda$7' type=androidx.compose.runtime.MutableState<kotlin.Byte> origin=null
          $emptyStateContent: GET_VAR '$emptyStateContent: @[Composable] @[ExtensionFunctionType] kotlin.Function1<coil.compose.SubcomposeAsyncImageScope, kotlin.Unit> declared in com.app.library_image_load._CoilKt.SubComposeAsyncImage_QgsmV_s$lambda$7' type=@[Composable] @[ExtensionFunctionType] kotlin.Function1<coil.compose.SubcomposeAsyncImageScope, kotlin.Unit> origin=null
          $this_SubcomposeAsyncImage: GET_VAR '$this$SubcomposeAsyncImage: coil.compose.SubcomposeAsyncImageScope declared in com.app.library_image_load._CoilKt.SubComposeAsyncImage_QgsmV_s$lambda$7' type=coil.compose.SubcomposeAsyncImageScope origin=null
          $errorStateContent: GET_VAR '$errorStateContent: @[Composable] @[ExtensionFunctionType] kotlin.Function1<coil.compose.SubcomposeAsyncImageScope, kotlin.Unit> declared in com.app.library_image_load._CoilKt.SubComposeAsyncImage_QgsmV_s$lambda$7' type=@[Composable] @[ExtensionFunctionType] kotlin.Function1<coil.compose.SubcomposeAsyncImageScope, kotlin.Unit> origin=null
          $loadingStateContent: GET_VAR '$loadingStateContent: @[Composable] @[ExtensionFunctionType] kotlin.Function1<coil.compose.SubcomposeAsyncImageScope, kotlin.Unit> declared in com.app.library_image_load._CoilKt.SubComposeAsyncImage_QgsmV_s$lambda$7' type=@[Composable] @[ExtensionFunctionType] kotlin.Function1<coil.compose.SubcomposeAsyncImageScope, kotlin.Unit> origin=null
          $placeholderContent: GET_VAR '$placeholderContent: @[Composable] @[ExtensionFunctionType] kotlin.Function1<coil.compose.SubcomposeAsyncImageScope, kotlin.Unit> declared in com.app.library_image_load._CoilKt.SubComposeAsyncImage_QgsmV_s$lambda$7' type=@[Composable] @[ExtensionFunctionType] kotlin.Function1<coil.compose.SubcomposeAsyncImageScope, kotlin.Unit> origin=null
          $animatedLoadingStateContent: GET_VAR '$animatedLoadingStateContent: @[Composable] @[ExtensionFunctionType] kotlin.Function1<androidx.compose.animation.AnimatedVisibilityScope, kotlin.Unit> declared in com.app.library_image_load._CoilKt.SubComposeAsyncImage_QgsmV_s$lambda$7' type=@[Composable] @[ExtensionFunctionType] kotlin.Function1<androidx.compose.animation.AnimatedVisibilityScope, kotlin.Unit> origin=null
          $animatedLoadingDurationMillis: GET_VAR '$animatedLoadingDurationMillis: kotlin.Int declared in com.app.library_image_load._CoilKt.SubComposeAsyncImage_QgsmV_s$lambda$7' type=kotlin.Int origin=null
      $mask0: CONST Int type=kotlin.Int value=6
      $handler: CONST Null type=kotlin.Any? value=null

	at org.jetbrains.kotlin.backend.jvm.codegen.FunctionCodegen.generate(FunctionCodegen.kt:50)
	at org.jetbrains.kotlin.backend.jvm.codegen.FunctionCodegen.generate$default(FunctionCodegen.kt:42)
	at org.jetbrains.kotlin.backend.jvm.codegen.ClassCodegen.generateMethodNode(ClassCodegen.kt:385)
	at org.jetbrains.kotlin.backend.jvm.codegen.ClassCodegen.generateMethod(ClassCodegen.kt:402)
	at org.jetbrains.kotlin.backend.jvm.codegen.ClassCodegen.generate(ClassCodegen.kt:169)
	at org.jetbrains.kotlin.backend.jvm.FileCodegen.lower(JvmPhases.kt:41)
	at org.jetbrains.kotlin.backend.common.phaser.PhaseBuildersKt.makeIrFilePhase$lambda$5(PhaseBuilders.kt:114)
	at org.jetbrains.kotlin.backend.common.phaser.PhaseBuildersKt$createSimpleNamedCompilerPhase$1.phaseBody(PhaseBuilders.kt:71)
	at org.jetbrains.kotlin.backend.common.phaser.SimpleNamedCompilerPhase.phaseBody(CompilerPhase.kt:226)
	at org.jetbrains.kotlin.backend.common.phaser.AbstractNamedCompilerPhase.invoke(CompilerPhase.kt:113)
	at org.jetbrains.kotlin.backend.common.phaser.PerformByIrFilePhase.invokeSequential(performByIrFile.kt:62)
	... 44 more
Caused by: java.lang.RuntimeException: Exception while generating code for:
FUN INLINE_LAMBDA name:SubComposeAsyncImage_QgsmV_s$lambda$7$lambda$6 visibility:private modality:FINAL <> ($receiver:androidx.compose.foundation.layout.BoxScope, $state:androidx.compose.runtime.MutableState<kotlin.Byte>, $emptyStateContent:@[Composable] @[ExtensionFunctionType] kotlin.Function1<coil.compose.SubcomposeAsyncImageScope, kotlin.Unit>, $this_SubcomposeAsyncImage:coil.compose.SubcomposeAsyncImageScope, $errorStateContent:@[Composable] @[ExtensionFunctionType] kotlin.Function1<coil.compose.SubcomposeAsyncImageScope, kotlin.Unit>, $loadingStateContent:@[Composable] @[ExtensionFunctionType] kotlin.Function1<coil.compose.SubcomposeAsyncImageScope, kotlin.Unit>, $placeholderContent:@[Composable] @[ExtensionFunctionType] kotlin.Function1<coil.compose.SubcomposeAsyncImageScope, kotlin.Unit>, $animatedLoadingStateContent:@[Composable] @[ExtensionFunctionType] kotlin.Function1<androidx.compose.animation.AnimatedVisibilityScope, kotlin.Unit>, $animatedLoadingDurationMillis:kotlin.Int) returnType:kotlin.Unit
  $receiver: VALUE_PARAMETER name:$this$Box type:androidx.compose.foundation.layout.BoxScope
  VALUE_PARAMETER BOUND_VALUE_PARAMETER name:$state index:0 type:androidx.compose.runtime.MutableState<kotlin.Byte>
  VALUE_PARAMETER BOUND_VALUE_PARAMETER name:$emptyStateContent index:1 type:@[Composable] @[ExtensionFunctionType] kotlin.Function1<coil.compose.SubcomposeAsyncImageScope, kotlin.Unit>
  VALUE_PARAMETER BOUND_VALUE_PARAMETER name:$this_SubcomposeAsyncImage index:2 type:coil.compose.SubcomposeAsyncImageScope
  VALUE_PARAMETER BOUND_VALUE_PARAMETER name:$errorStateContent index:3 type:@[Composable] @[ExtensionFunctionType] kotlin.Function1<coil.compose.SubcomposeAsyncImageScope, kotlin.Unit>
  VALUE_PARAMETER BOUND_VALUE_PARAMETER name:$loadingStateContent index:4 type:@[Composable] @[ExtensionFunctionType] kotlin.Function1<coil.compose.SubcomposeAsyncImageScope, kotlin.Unit>
  VALUE_PARAMETER BOUND_VALUE_PARAMETER name:$placeholderContent index:5 type:@[Composable] @[ExtensionFunctionType] kotlin.Function1<coil.compose.SubcomposeAsyncImageScope, kotlin.Unit>
  VALUE_PARAMETER BOUND_VALUE_PARAMETER name:$animatedLoadingStateContent index:6 type:@[Composable] @[ExtensionFunctionType] kotlin.Function1<androidx.compose.animation.AnimatedVisibilityScope, kotlin.Unit>
  VALUE_PARAMETER BOUND_VALUE_PARAMETER name:$animatedLoadingDurationMillis index:7 type:kotlin.Int
  BLOCK_BODY
    VAR name:$i$a$-Box$default-_CoilKt$SubComposeAsyncImage$5$1 type:kotlin.Int [val]
      CONST Int type=kotlin.Int value=0
    BLOCK type=kotlin.Unit origin=WHEN
      VAR IR_TEMPORARY_VARIABLE name:tmp2_subject type:kotlin.Byte [val]
        CALL 'public abstract fun <get-value> (): T of androidx.compose.runtime.MutableState declared in androidx.compose.runtime.MutableState' type=kotlin.Byte origin=GET_PROPERTY
          $this: GET_VAR '$state: androidx.compose.runtime.MutableState<kotlin.Byte> declared in com.app.library_image_load._CoilKt.SubComposeAsyncImage_QgsmV_s$lambda$7$lambda$6' type=androidx.compose.runtime.MutableState<kotlin.Byte> origin=null
      WHEN type=kotlin.Unit origin=WHEN
        BRANCH
          if: CALL 'public final fun EQEQ (arg0: kotlin.Any?, arg1: kotlin.Any?): kotlin.Boolean declared in kotlin.internal.ir' type=kotlin.Boolean origin=EQEQ
            arg0: CALL 'public open fun toInt (): kotlin.Int declared in kotlin.Byte' type=kotlin.Int origin=null
              $this: GET_VAR 'val tmp2_subject: kotlin.Byte [val] declared in com.app.library_image_load._CoilKt.SubComposeAsyncImage_QgsmV_s$lambda$7$lambda$6' type=kotlin.Byte origin=null
            arg1: CONST Int type=kotlin.Int value=-1
          then: CALL 'public abstract fun invoke (p1: P1 of kotlin.Function1): R of kotlin.Function1 [operator] declared in kotlin.Function1' type=kotlin.Unit origin=INVOKE
            $this: GET_VAR '$emptyStateContent: @[Composable] @[ExtensionFunctionType] kotlin.Function1<coil.compose.SubcomposeAsyncImageScope, kotlin.Unit> declared in com.app.library_image_load._CoilKt.SubComposeAsyncImage_QgsmV_s$lambda$7$lambda$6' type=@[Composable] @[ExtensionFunctionType] kotlin.Function1<coil.compose.SubcomposeAsyncImageScope, kotlin.Unit> origin=null
            p1: GET_VAR '$this_SubcomposeAsyncImage: coil.compose.SubcomposeAsyncImageScope declared in com.app.library_image_load._CoilKt.SubComposeAsyncImage_QgsmV_s$lambda$7$lambda$6' type=coil.compose.SubcomposeAsyncImageScope origin=null
        BRANCH
          if: CALL 'public final fun EQEQ (arg0: kotlin.Any?, arg1: kotlin.Any?): kotlin.Boolean declared in kotlin.internal.ir' type=kotlin.Boolean origin=EQEQ
            arg0: CALL 'public open fun toInt (): kotlin.Int declared in kotlin.Byte' type=kotlin.Int origin=null
              $this: GET_VAR 'val tmp2_subject: kotlin.Byte [val] declared in com.app.library_image_load._CoilKt.SubComposeAsyncImage_QgsmV_s$lambda$7$lambda$6' type=kotlin.Byte origin=null
            arg1: CONST Int type=kotlin.Int value=-2
          then: CALL 'public abstract fun invoke (p1: P1 of kotlin.Function1): R of kotlin.Function1 [operator] declared in kotlin.Function1' type=kotlin.Unit origin=INVOKE
            $this: GET_VAR '$errorStateContent: @[Composable] @[ExtensionFunctionType] kotlin.Function1<coil.compose.SubcomposeAsyncImageScope, kotlin.Unit> declared in com.app.library_image_load._CoilKt.SubComposeAsyncImage_QgsmV_s$lambda$7$lambda$6' type=@[Composable] @[ExtensionFunctionType] kotlin.Function1<coil.compose.SubcomposeAsyncImageScope, kotlin.Unit> origin=null
            p1: GET_VAR '$this_SubcomposeAsyncImage: coil.compose.SubcomposeAsyncImageScope declared in com.app.library_image_load._CoilKt.SubComposeAsyncImage_QgsmV_s$lambda$7$lambda$6' type=coil.compose.SubcomposeAsyncImageScope origin=null
        BRANCH
          if: CALL 'public final fun EQEQ (arg0: kotlin.Any?, arg1: kotlin.Any?): kotlin.Boolean declared in kotlin.internal.ir' type=kotlin.Boolean origin=EQEQ
            arg0: CALL 'public open fun toInt (): kotlin.Int declared in kotlin.Byte' type=kotlin.Int origin=null
              $this: GET_VAR 'val tmp2_subject: kotlin.Byte [val] declared in com.app.library_image_load._CoilKt.SubComposeAsyncImage_QgsmV_s$lambda$7$lambda$6' type=kotlin.Byte origin=null
            arg1: CONST Int type=kotlin.Int value=-3
          then: CALL 'public abstract fun invoke (p1: P1 of kotlin.Function1): R of kotlin.Function1 [operator] declared in kotlin.Function1' type=kotlin.Unit origin=INVOKE
            $this: GET_VAR '$loadingStateContent: @[Composable] @[ExtensionFunctionType] kotlin.Function1<coil.compose.SubcomposeAsyncImageScope, kotlin.Unit> declared in com.app.library_image_load._CoilKt.SubComposeAsyncImage_QgsmV_s$lambda$7$lambda$6' type=@[Composable] @[ExtensionFunctionType] kotlin.Function1<coil.compose.SubcomposeAsyncImageScope, kotlin.Unit> origin=null
            p1: GET_VAR '$this_SubcomposeAsyncImage: coil.compose.SubcomposeAsyncImageScope declared in com.app.library_image_load._CoilKt.SubComposeAsyncImage_QgsmV_s$lambda$7$lambda$6' type=coil.compose.SubcomposeAsyncImageScope origin=null
        BRANCH
          if: CALL 'public final fun EQEQ (arg0: kotlin.Any?, arg1: kotlin.Any?): kotlin.Boolean declared in kotlin.internal.ir' type=kotlin.Boolean origin=EQEQ
            arg0: CALL 'public open fun toInt (): kotlin.Int declared in kotlin.Byte' type=kotlin.Int origin=null
              $this: GET_VAR 'val tmp2_subject: kotlin.Byte [val] declared in com.app.library_image_load._CoilKt.SubComposeAsyncImage_QgsmV_s$lambda$7$lambda$6' type=kotlin.Byte origin=null
            arg1: CONST Int type=kotlin.Int value=1
          then: CALL 'public final fun SubcomposeAsyncImageContent$default (modifier: androidx.compose.ui.Modifier?, painter: androidx.compose.ui.graphics.painter.Painter?, contentDescription: kotlin.String?, alignment: androidx.compose.ui.Alignment?, contentScale: androidx.compose.ui.layout.ContentScale?, alpha: kotlin.Float, colorFilter: androidx.compose.ui.graphics.ColorFilter?, $mask0: kotlin.Int, $handler: kotlin.Any?): kotlin.Unit declared in coil.compose.SubcomposeAsyncImageKt' type=kotlin.Unit origin=DEFAULT_DISPATCH_CALL
            $receiver: GET_VAR '$this_SubcomposeAsyncImage: coil.compose.SubcomposeAsyncImageScope declared in com.app.library_image_load._CoilKt.SubComposeAsyncImage_QgsmV_s$lambda$7$lambda$6' type=coil.compose.SubcomposeAsyncImageScope origin=null
            modifier: CALL 'public abstract fun align (alignment: androidx.compose.ui.Alignment): androidx.compose.ui.Modifier declared in androidx.compose.foundation.layout.BoxScope' type=androidx.compose.ui.Modifier origin=null
              $this: GET_VAR '$this$Box: androidx.compose.foundation.layout.BoxScope declared in com.app.library_image_load._CoilKt.SubComposeAsyncImage_QgsmV_s$lambda$7$lambda$6' type=androidx.compose.foundation.layout.BoxScope origin=null
              $receiver: GET_FIELD 'FIELD FIELD_FOR_OBJECT_INSTANCE name:Companion type:androidx.compose.ui.Modifier.Companion visibility:public [final,static]' type=androidx.compose.ui.Modifier.Companion origin=null
              alignment: CALL 'public final fun <get-Center> (): androidx.compose.ui.Alignment declared in androidx.compose.ui.Alignment.Companion' type=androidx.compose.ui.Alignment origin=GET_PROPERTY
                $this: GET_FIELD 'FIELD FIELD_FOR_OBJECT_INSTANCE name:Companion type:androidx.compose.ui.Alignment.Companion visibility:public [final,static]' type=androidx.compose.ui.Alignment.Companion origin=null
            painter: COMPOSITE type=androidx.compose.ui.graphics.painter.Painter? origin=DEFAULT_VALUE
              CONST Null type=androidx.compose.ui.graphics.painter.Painter? value=null
            contentDescription: COMPOSITE type=kotlin.String? origin=DEFAULT_VALUE
              CONST Null type=kotlin.String? value=null
            alignment: COMPOSITE type=androidx.compose.ui.Alignment? origin=DEFAULT_VALUE
              CONST Null type=androidx.compose.ui.Alignment? value=null
            contentScale: COMPOSITE type=androidx.compose.ui.layout.ContentScale? origin=DEFAULT_VALUE
              CONST Null type=androidx.compose.ui.layout.ContentScale? value=null
            alpha: COMPOSITE type=kotlin.Float origin=DEFAULT_VALUE
              CONST Float type=kotlin.Float value=0.0
            colorFilter: COMPOSITE type=androidx.compose.ui.graphics.ColorFilter? origin=DEFAULT_VALUE
              CONST Null type=androidx.compose.ui.graphics.ColorFilter? value=null
            $mask0: CONST Int type=kotlin.Int value=126
            $handler: CONST Null type=kotlin.Any? value=null
        BRANCH
          if: CONST Boolean type=kotlin.Boolean value=true
          then: CALL 'public abstract fun invoke (p1: P1 of kotlin.Function1): R of kotlin.Function1 [operator] declared in kotlin.Function1' type=kotlin.Unit origin=INVOKE
            $this: GET_VAR '$placeholderContent: @[Composable] @[ExtensionFunctionType] kotlin.Function1<coil.compose.SubcomposeAsyncImageScope, kotlin.Unit> declared in com.app.library_image_load._CoilKt.SubComposeAsyncImage_QgsmV_s$lambda$7$lambda$6' type=@[Composable] @[ExtensionFunctionType] kotlin.Function1<coil.compose.SubcomposeAsyncImageScope, kotlin.Unit> origin=null
            p1: GET_VAR '$this_SubcomposeAsyncImage: coil.compose.SubcomposeAsyncImageScope declared in com.app.library_image_load._CoilKt.SubComposeAsyncImage_QgsmV_s$lambda$7$lambda$6' type=coil.compose.SubcomposeAsyncImageScope origin=null
    CALL 'public final fun Column (modifier: androidx.compose.ui.Modifier, verticalArrangement: androidx.compose.foundation.layout.Arrangement.Vertical, horizontalAlignment: androidx.compose.ui.Alignment.Horizontal, content: @[Composable] @[ExtensionFunctionType] kotlin.Function1<androidx.compose.foundation.layout.ColumnScope, kotlin.Unit>): kotlin.Unit [inline] declared in androidx.compose.foundation.layout.ColumnKt' type=kotlin.Unit origin=null
      modifier: CALL 'public abstract fun matchParentSize (): androidx.compose.ui.Modifier declared in androidx.compose.foundation.layout.BoxScope' type=androidx.compose.ui.Modifier origin=null
        $this: GET_VAR '$this$Box: androidx.compose.foundation.layout.BoxScope declared in com.app.library_image_load._CoilKt.SubComposeAsyncImage_QgsmV_s$lambda$7$lambda$6' type=androidx.compose.foundation.layout.BoxScope origin=null
        $receiver: GET_FIELD 'FIELD FIELD_FOR_OBJECT_INSTANCE name:Companion type:androidx.compose.ui.Modifier.Companion visibility:public [final,static]' type=androidx.compose.ui.Modifier.Companion origin=null
      verticalArrangement: CALL 'public final fun <get-Center> (): androidx.compose.foundation.layout.Arrangement.HorizontalOrVertical declared in androidx.compose.foundation.layout.Arrangement' type=androidx.compose.foundation.layout.Arrangement.HorizontalOrVertical origin=GET_PROPERTY
        $this: GET_FIELD 'FIELD FIELD_FOR_OBJECT_INSTANCE name:INSTANCE type:androidx.compose.foundation.layout.Arrangement visibility:public [final,static]' type=androidx.compose.foundation.layout.Arrangement origin=null
      horizontalAlignment: CALL 'public final fun <get-CenterHorizontally> (): androidx.compose.ui.Alignment.Horizontal declared in androidx.compose.ui.Alignment.Companion' type=androidx.compose.ui.Alignment.Horizontal origin=GET_PROPERTY
        $this: GET_FIELD 'FIELD FIELD_FOR_OBJECT_INSTANCE name:Companion type:androidx.compose.ui.Alignment.Companion visibility:public [final,static]' type=androidx.compose.ui.Alignment.Companion origin=null
      content: BLOCK type=@[ExtensionFunctionType] kotlin.Function1<androidx.compose.foundation.layout.ColumnScope, kotlin.Unit> origin=LAMBDA
        COMPOSITE type=kotlin.Unit origin=null
        FUNCTION_REFERENCE 'private final fun SubComposeAsyncImage_QgsmV_s$lambda$7$lambda$6$lambda$5 ($state: androidx.compose.runtime.MutableState<kotlin.Byte>, $animatedLoadingStateContent: @[Composable] @[ExtensionFunctionType] kotlin.Function1<androidx.compose.animation.AnimatedVisibilityScope, kotlin.Unit>, $animatedLoadingDurationMillis: kotlin.Int): kotlin.Unit declared in com.app.library_image_load._CoilKt' type=@[ExtensionFunctionType] kotlin.Function1<androidx.compose.foundation.layout.ColumnScope, kotlin.Unit> origin=INLINE_LAMBDA reflectionTarget=null
          $state: GET_VAR '$state: androidx.compose.runtime.MutableState<kotlin.Byte> declared in com.app.library_image_load._CoilKt.SubComposeAsyncImage_QgsmV_s$lambda$7$lambda$6' type=androidx.compose.runtime.MutableState<kotlin.Byte> origin=null
          $animatedLoadingStateContent: GET_VAR '$animatedLoadingStateContent: @[Composable] @[ExtensionFunctionType] kotlin.Function1<androidx.compose.animation.AnimatedVisibilityScope, kotlin.Unit> declared in com.app.library_image_load._CoilKt.SubComposeAsyncImage_QgsmV_s$lambda$7$lambda$6' type=@[Composable] @[ExtensionFunctionType] kotlin.Function1<androidx.compose.animation.AnimatedVisibilityScope, kotlin.Unit> origin=null
          $animatedLoadingDurationMillis: GET_VAR '$animatedLoadingDurationMillis: kotlin.Int declared in com.app.library_image_load._CoilKt.SubComposeAsyncImage_QgsmV_s$lambda$7$lambda$6' type=kotlin.Int origin=null

	at org.jetbrains.kotlin.backend.jvm.codegen.FunctionCodegen.generate(FunctionCodegen.kt:50)
	at org.jetbrains.kotlin.backend.jvm.codegen.IrSourceCompilerForInline.generateLambdaBody(IrSourceCompilerForInline.kt:67)
	at org.jetbrains.kotlin.codegen.inline.ExpressionLambda.generateLambdaBody(LambdaInfo.kt:72)
	at org.jetbrains.kotlin.backend.jvm.codegen.IrInlineCodegen.genValueAndPut(IrInlineCodegen.kt:99)
	at org.jetbrains.kotlin.backend.jvm.codegen.ExpressionCodegen.visitCall$handleParameter(ExpressionCodegen.kt:610)
	at org.jetbrains.kotlin.backend.jvm.codegen.ExpressionCodegen.visitCall(ExpressionCodegen.kt:638)
	at org.jetbrains.kotlin.backend.jvm.codegen.ExpressionCodegen.visitCall(ExpressionCodegen.kt:137)
	at org.jetbrains.kotlin.ir.expressions.IrCall.accept(IrCall.kt:24)
	at org.jetbrains.kotlin.backend.jvm.codegen.ExpressionCodegen.visitStatementContainer(ExpressionCodegen.kt:573)
	at org.jetbrains.kotlin.backend.jvm.codegen.ExpressionCodegen.visitBlockBody(ExpressionCodegen.kt:578)
	at org.jetbrains.kotlin.backend.jvm.codegen.ExpressionCodegen.visitBlockBody(ExpressionCodegen.kt:137)
	at org.jetbrains.kotlin.ir.expressions.IrBlockBody.accept(IrBlockBody.kt:20)
	at org.jetbrains.kotlin.backend.jvm.codegen.ExpressionCodegen.generate(ExpressionCodegen.kt:239)
	at org.jetbrains.kotlin.backend.jvm.codegen.FunctionCodegen.doGenerate(FunctionCodegen.kt:121)
	at org.jetbrains.kotlin.backend.jvm.codegen.FunctionCodegen.generate(FunctionCodegen.kt:46)
	... 54 more
Caused by: org.jetbrains.kotlin.codegen.CompilationException: Back-end (JVM) Internal error: Couldn't inline method call: CALL 'public final fun Column (modifier: androidx.compose.ui.Modifier, verticalArrangement: androidx.compose.foundation.layout.Arrangement.Vertical, horizontalAlignment: androidx.compose.ui.Alignment.Horizontal, content: @[Composable] @[ExtensionFunctionType] kotlin.Function1<androidx.compose.foundation.layout.ColumnScope, kotlin.Unit>): kotlin.Unit [inline] declared in androidx.compose.foundation.layout.ColumnKt' type=kotlin.Unit origin=null
Method: null
File is unknown
The root cause java.lang.IllegalStateException was thrown at: org.jetbrains.kotlin.codegen.inline.SourceCompilerForInlineKt.getMethodNode(SourceCompilerForInline.kt:118)
	at org.jetbrains.kotlin.codegen.inline.InlineCodegen.performInline(InlineCodegen.kt:65)
	at org.jetbrains.kotlin.backend.jvm.codegen.IrInlineCodegen.genInlineCall(IrInlineCodegen.kt:162)
	at org.jetbrains.kotlin.backend.jvm.codegen.IrInlineCallGenerator.genCall(IrInlineCallGenerator.kt:36)
	at org.jetbrains.kotlin.backend.jvm.codegen.ExpressionCodegen.visitCall(ExpressionCodegen.kt:647)
	at org.jetbrains.kotlin.backend.jvm.codegen.ExpressionCodegen.visitCall(ExpressionCodegen.kt:137)
	at org.jetbrains.kotlin.ir.expressions.IrCall.accept(IrCall.kt:24)
	at org.jetbrains.kotlin.backend.jvm.codegen.ExpressionCodegen.visitStatementContainer(ExpressionCodegen.kt:573)
	at org.jetbrains.kotlin.backend.jvm.codegen.ExpressionCodegen.visitBlockBody(ExpressionCodegen.kt:578)
	at org.jetbrains.kotlin.backend.jvm.codegen.ExpressionCodegen.visitBlockBody(ExpressionCodegen.kt:137)
	at org.jetbrains.kotlin.ir.expressions.IrBlockBody.accept(IrBlockBody.kt:20)
	at org.jetbrains.kotlin.backend.jvm.codegen.ExpressionCodegen.generate(ExpressionCodegen.kt:239)
	at org.jetbrains.kotlin.backend.jvm.codegen.FunctionCodegen.doGenerate(FunctionCodegen.kt:121)
	at org.jetbrains.kotlin.backend.jvm.codegen.FunctionCodegen.generate(FunctionCodegen.kt:46)
	... 68 more
Caused by: java.lang.IllegalStateException: couldn't find inline method Landroidx/compose/foundation/layout/ColumnKt;.Column(Landroidx/compose/ui/Modifier;Landroidx/compose/foundation/layout/Arrangement$Vertical;Landroidx/compose/ui/Alignment$Horizontal;Lkotlin/jvm/functions/Function1;)V
	at org.jetbrains.kotlin.codegen.inline.SourceCompilerForInlineKt.getMethodNode(SourceCompilerForInline.kt:118)
	at org.jetbrains.kotlin.codegen.inline.SourceCompilerForInlineKt.loadCompiledInlineFunction(SourceCompilerForInline.kt:96)
	at org.jetbrains.kotlin.backend.jvm.codegen.IrSourceCompilerForInline.compileInlineFunction(IrSourceCompilerForInline.kt:91)
	at org.jetbrains.kotlin.codegen.inline.InlineCodegen.compileInline(InlineCodegen.kt:43)
	at org.jetbrains.kotlin.codegen.inline.InlineCodegen.performInline(InlineCodegen.kt:51)
	... 80 more


