kotlin version: 2.0.0-RC3
error message: org.jetbrains.kotlin.backend.common.BackendException: Backend Internal error: Exception during IR lowering
File being compiled: /Users/Haizhen/AndroidStudioProjects/AndroidAppTemplate/library/library_ui_uniform/src/main/java/com/app/library_ui_uniform/$Scaffold.kt
The root cause java.lang.RuntimeException was thrown at: org.jetbrains.kotlin.backend.jvm.codegen.FunctionCodegen.generate(FunctionCodegen.kt:50)
	at org.jetbrains.kotlin.backend.common.CodegenUtil.reportBackendException(CodegenUtil.kt:253)
	at org.jetbrains.kotlin.backend.common.CodegenUtil.reportBackendException$default(CodegenUtil.kt:236)
	at org.jetbrains.kotlin.backend.common.phaser.PerformByIrFilePhase.invokeSequential(performByIrFile.kt:65)
	at org.jetbrains.kotlin.backend.common.phaser.PerformByIrFilePhase.invoke(performByIrFile.kt:52)
	at org.jetbrains.kotlin.backend.common.phaser.PerformByIrFilePhase.invoke(performByIrFile.kt:38)
	at org.jetbrains.kotlin.backend.common.phaser.NamedCompilerPhase.phaseBody(CompilerPhase.kt:166)
	at org.jetbrains.kotlin.backend.common.phaser.AbstractNamedCompilerPhase.invoke(CompilerPhase.kt:113)
	at org.jetbrains.kotlin.backend.common.phaser.CompositePhase.invoke(PhaseBuilders.kt:29)
	at org.jetbrains.kotlin.backend.common.phaser.CompositePhase.invoke(PhaseBuilders.kt:16)
	at org.jetbrains.kotlin.backend.common.phaser.NamedCompilerPhase.phaseBody(CompilerPhase.kt:166)
	at org.jetbrains.kotlin.backend.common.phaser.AbstractNamedCompilerPhase.invoke(CompilerPhase.kt:113)
	at org.jetbrains.kotlin.backend.common.phaser.CompilerPhaseKt.invokeToplevel(CompilerPhase.kt:62)
	at org.jetbrains.kotlin.backend.jvm.JvmIrCodegenFactory.invokeCodegen(JvmIrCodegenFactory.kt:371)
	at org.jetbrains.kotlin.codegen.CodegenFactory.generateModule(CodegenFactory.kt:47)
	at org.jetbrains.kotlin.backend.jvm.JvmIrCodegenFactory.generateModuleInFrontendIRMode(JvmIrCodegenFactory.kt:433)
	at org.jetbrains.kotlin.cli.jvm.compiler.pipeline.JvmCompilerPipelineKt.generateCodeFromIr(jvmCompilerPipeline.kt:241)
	at org.jetbrains.kotlin.cli.jvm.compiler.pipeline.JvmCompilerPipelineKt.compileModulesUsingFrontendIrAndLightTree(jvmCompilerPipeline.kt:140)
	at org.jetbrains.kotlin.cli.jvm.K2JVMCompiler.doExecute(K2JVMCompiler.kt:155)
	at org.jetbrains.kotlin.cli.jvm.K2JVMCompiler.doExecute(K2JVMCompiler.kt:50)
	at org.jetbrains.kotlin.cli.common.CLICompiler.execImpl(CLICompiler.kt:104)
	at org.jetbrains.kotlin.cli.common.CLICompiler.execImpl(CLICompiler.kt:48)
	at org.jetbrains.kotlin.cli.common.CLITool.exec(CLITool.kt:101)
	at org.jetbrains.kotlin.incremental.IncrementalJvmCompilerRunner.runCompiler(IncrementalJvmCompilerRunner.kt:453)
	at org.jetbrains.kotlin.incremental.IncrementalJvmCompilerRunner.runCompiler(IncrementalJvmCompilerRunner.kt:62)
	at org.jetbrains.kotlin.incremental.IncrementalCompilerRunner.doCompile(IncrementalCompilerRunner.kt:506)
	at org.jetbrains.kotlin.incremental.IncrementalCompilerRunner.compileImpl(IncrementalCompilerRunner.kt:423)
	at org.jetbrains.kotlin.incremental.IncrementalCompilerRunner.compileNonIncrementally(IncrementalCompilerRunner.kt:301)
	at org.jetbrains.kotlin.incremental.IncrementalCompilerRunner.compile(IncrementalCompilerRunner.kt:129)
	at org.jetbrains.kotlin.daemon.CompileServiceImplBase.execIncrementalCompiler(CompileServiceImpl.kt:676)
	at org.jetbrains.kotlin.daemon.CompileServiceImplBase.access$execIncrementalCompiler(CompileServiceImpl.kt:92)
	at org.jetbrains.kotlin.daemon.CompileServiceImpl.compile(CompileServiceImpl.kt:1661)
	at jdk.internal.reflect.GeneratedMethodAccessor102.invoke(Unknown Source)
	at java.base/jdk.internal.reflect.DelegatingMethodAccessorImpl.invoke(Unknown Source)
	at java.base/java.lang.reflect.Method.invoke(Unknown Source)
	at java.rmi/sun.rmi.server.UnicastServerRef.dispatch(Unknown Source)
	at java.rmi/sun.rmi.transport.Transport$1.run(Unknown Source)
	at java.rmi/sun.rmi.transport.Transport$1.run(Unknown Source)
	at java.base/java.security.AccessController.doPrivileged(Unknown Source)
	at java.rmi/sun.rmi.transport.Transport.serviceCall(Unknown Source)
	at java.rmi/sun.rmi.transport.tcp.TCPTransport.handleMessages(Unknown Source)
	at java.rmi/sun.rmi.transport.tcp.TCPTransport$ConnectionHandler.run0(Unknown Source)
	at java.rmi/sun.rmi.transport.tcp.TCPTransport$ConnectionHandler.lambda$run$0(Unknown Source)
	at java.base/java.security.AccessController.doPrivileged(Unknown Source)
	at java.rmi/sun.rmi.transport.tcp.TCPTransport$ConnectionHandler.run(Unknown Source)
	at java.base/java.util.concurrent.ThreadPoolExecutor.runWorker(Unknown Source)
	at java.base/java.util.concurrent.ThreadPoolExecutor$Worker.run(Unknown Source)
	at java.base/java.lang.Thread.run(Unknown Source)
Caused by: java.lang.RuntimeException: Exception while generating code for:
FUN FUNCTION_FOR_DEFAULT_PARAMETER name:Scaffold-5Wq9otQ$default visibility:public modality:FINAL <> (modifier:androidx.compose.ui.Modifier?, topBar:@[Composable] kotlin.Function0<kotlin.Unit>?, bottomBar:@[Composable] kotlin.Function0<kotlin.Unit>?, floatingActionButton:@[Composable] kotlin.Function0<kotlin.Unit>?, floatingActionButtonPosition:androidx.compose.material3.FabPosition, containerColor:androidx.compose.ui.graphics.Color, contentColor:androidx.compose.ui.graphics.Color, contentWindowInsets:androidx.compose.foundation.layout.WindowInsets?, snackbarHostState:androidx.compose.material3.SnackbarHostState?, scope:kotlinx.coroutines.CoroutineScope?, showSnackbar:kotlin.Function2<com.app.library_ui_uniform.SnackBarAction, @[ExtensionFunctionType] kotlin.coroutines.SuspendFunction2<kotlinx.coroutines.CoroutineScope, androidx.compose.material3.SnackbarResult, kotlin.Unit>, kotlin.Unit>?, content:@[Composable] kotlin.Function2<androidx.compose.foundation.layout.PaddingValues, kotlin.Function2<com.app.library_ui_uniform.SnackBarAction, @[ExtensionFunctionType] kotlin.coroutines.SuspendFunction2<kotlinx.coroutines.CoroutineScope, androidx.compose.material3.SnackbarResult, kotlin.Unit>, kotlin.Unit>, kotlin.Unit>, $mask0:kotlin.Int, $handler:kotlin.Any?) returnType:kotlin.Unit
  annotations:
    Composable
  VALUE_PARAMETER name:modifier index:0 type:androidx.compose.ui.Modifier? [assignable]
    EXPRESSION_BODY
      ERROR_EXPR 'Default Stub' type=androidx.compose.ui.Modifier
  VALUE_PARAMETER name:topBar index:1 type:@[Composable] kotlin.Function0<kotlin.Unit>? [assignable]
    EXPRESSION_BODY
      ERROR_EXPR 'Default Stub' type=@[Composable] kotlin.Function0<kotlin.Unit>
  VALUE_PARAMETER name:bottomBar index:2 type:@[Composable] kotlin.Function0<kotlin.Unit>? [assignable]
    EXPRESSION_BODY
      ERROR_EXPR 'Default Stub' type=@[Composable] kotlin.Function0<kotlin.Unit>
  VALUE_PARAMETER name:floatingActionButton index:3 type:@[Composable] kotlin.Function0<kotlin.Unit>? [assignable]
    EXPRESSION_BODY
      ERROR_EXPR 'Default Stub' type=@[Composable] kotlin.Function0<kotlin.Unit>
  VALUE_PARAMETER name:floatingActionButtonPosition index:4 type:androidx.compose.material3.FabPosition [assignable]
    EXPRESSION_BODY
      ERROR_EXPR 'Default Stub' type=androidx.compose.material3.FabPosition
  VALUE_PARAMETER name:containerColor index:5 type:androidx.compose.ui.graphics.Color [assignable]
    EXPRESSION_BODY
      ERROR_EXPR 'Default Stub' type=androidx.compose.ui.graphics.Color
  VALUE_PARAMETER name:contentColor index:6 type:androidx.compose.ui.graphics.Color [assignable]
    EXPRESSION_BODY
      ERROR_EXPR 'Default Stub' type=androidx.compose.ui.graphics.Color
  VALUE_PARAMETER name:contentWindowInsets index:7 type:androidx.compose.foundation.layout.WindowInsets? [assignable]
    EXPRESSION_BODY
      ERROR_EXPR 'Default Stub' type=androidx.compose.foundation.layout.WindowInsets
  VALUE_PARAMETER name:snackbarHostState index:8 type:androidx.compose.material3.SnackbarHostState? [assignable]
    EXPRESSION_BODY
      ERROR_EXPR 'Default Stub' type=androidx.compose.material3.SnackbarHostState
  VALUE_PARAMETER name:scope index:9 type:kotlinx.coroutines.CoroutineScope? [assignable]
    EXPRESSION_BODY
      ERROR_EXPR 'Default Stub' type=kotlinx.coroutines.CoroutineScope
  VALUE_PARAMETER name:showSnackbar index:10 type:kotlin.Function2<com.app.library_ui_uniform.SnackBarAction, @[ExtensionFunctionType] kotlin.coroutines.SuspendFunction2<kotlinx.coroutines.CoroutineScope, androidx.compose.material3.SnackbarResult, kotlin.Unit>, kotlin.Unit>? [assignable]
    EXPRESSION_BODY
      ERROR_EXPR 'Default Stub' type=kotlin.Function2<com.app.library_ui_uniform.SnackBarAction, @[ExtensionFunctionType] kotlin.coroutines.SuspendFunction2<kotlinx.coroutines.CoroutineScope, androidx.compose.material3.SnackbarResult, kotlin.Unit>, kotlin.Unit>
  VALUE_PARAMETER name:content index:11 type:@[Composable] kotlin.Function2<androidx.compose.foundation.layout.PaddingValues, kotlin.Function2<com.app.library_ui_uniform.SnackBarAction, @[ExtensionFunctionType] kotlin.coroutines.SuspendFunction2<kotlinx.coroutines.CoroutineScope, androidx.compose.material3.SnackbarResult, kotlin.Unit>, kotlin.Unit>, kotlin.Unit>
  VALUE_PARAMETER MASK_FOR_DEFAULT_FUNCTION name:$mask0 index:12 type:kotlin.Int
  VALUE_PARAMETER METHOD_HANDLER_IN_DEFAULT_FUNCTION name:$handler index:13 type:kotlin.Any?
  BLOCK_BODY
    WHEN type=kotlin.Unit origin=null
      BRANCH
        if: CALL 'public final fun not (): kotlin.Boolean [operator] declared in kotlin.Boolean' type=kotlin.Boolean origin=EXCLEQ
          $this: CALL 'public final fun EQEQ (arg0: kotlin.Any?, arg1: kotlin.Any?): kotlin.Boolean declared in kotlin.internal.ir' type=kotlin.Boolean origin=EXCLEQ
            arg0: CALL 'public final fun and (other: kotlin.Int): kotlin.Int [infix] declared in kotlin.Int' type=kotlin.Int origin=null
              $this: GET_VAR '$mask0: kotlin.Int declared in com.app.library_ui_uniform._ScaffoldKt.Scaffold-5Wq9otQ$default' type=kotlin.Int origin=null
              other: CONST Int type=kotlin.Int value=1
            arg1: CONST Int type=kotlin.Int value=0
        then: SET_VAR 'modifier: androidx.compose.ui.Modifier? [assignable] declared in com.app.library_ui_uniform._ScaffoldKt.Scaffold-5Wq9otQ$default' type=kotlin.Unit origin=EQ
          GET_FIELD 'FIELD FIELD_FOR_OBJECT_INSTANCE name:Companion type:androidx.compose.ui.Modifier.Companion visibility:public [final,static]' type=androidx.compose.ui.Modifier.Companion origin=null
    WHEN type=kotlin.Unit origin=null
      BRANCH
        if: CALL 'public final fun not (): kotlin.Boolean [operator] declared in kotlin.Boolean' type=kotlin.Boolean origin=EXCLEQ
          $this: CALL 'public final fun EQEQ (arg0: kotlin.Any?, arg1: kotlin.Any?): kotlin.Boolean declared in kotlin.internal.ir' type=kotlin.Boolean origin=EXCLEQ
            arg0: CALL 'public final fun and (other: kotlin.Int): kotlin.Int [infix] declared in kotlin.Int' type=kotlin.Int origin=null
              $this: GET_VAR '$mask0: kotlin.Int declared in com.app.library_ui_uniform._ScaffoldKt.Scaffold-5Wq9otQ$default' type=kotlin.Int origin=null
              other: CONST Int type=kotlin.Int value=2
            arg1: CONST Int type=kotlin.Int value=0
        then: SET_VAR 'topBar: @[Composable] kotlin.Function0<kotlin.Unit>? [assignable] declared in com.app.library_ui_uniform._ScaffoldKt.Scaffold-5Wq9otQ$default' type=kotlin.Unit origin=EQ
          BLOCK type=kotlin.Function0<kotlin.Unit> origin=LAMBDA
            COMPOSITE type=kotlin.Unit origin=null
            CALL 'public final fun <jvm-indy> <T> (dynamicCall: T of kotlin.jvm.internal.<jvm-indy>, bootstrapMethodHandle: kotlin.Any, vararg bootstrapMethodArguments: kotlin.Any): T of kotlin.jvm.internal.<jvm-indy> declared in kotlin.jvm.internal' type=kotlin.Function0<kotlin.Unit> origin=null
              <T>: kotlin.Function0<kotlin.Unit>
              dynamicCall: CALL 'public final fun invoke (): kotlin.Function0<kotlin.Unit> declared in kotlin.jvm.internal.invokeDynamic' type=kotlin.Function0<kotlin.Unit> origin=null
              bootstrapMethodHandle: CALL 'public final fun <jvm-method-handle> (tag: kotlin.Int, owner: kotlin.String, name: kotlin.String, descriptor: kotlin.String, isInterface: kotlin.Boolean): kotlin.Any declared in kotlin.jvm.internal' type=kotlin.Any origin=null
                tag: CONST Int type=kotlin.Int value=6
                owner: CONST String type=kotlin.String value="java/lang/invoke/LambdaMetafactory"
                name: CONST String type=kotlin.String value="metafactory"
                descriptor: CONST String type=kotlin.String value="(Ljava/lang/invoke/MethodHandles$Lookup;Ljava/lang/String;Ljava/lang/invoke/MethodType;Ljava/lang/invoke/MethodType;Ljava/lang/invoke/MethodHandle;Ljava/lang/invoke/MethodType;)Ljava/lang/invoke/CallSite;"
                isInterface: CONST Boolean type=kotlin.Boolean value=false
              bootstrapMethodArguments: VARARG type=kotlin.Array<kotlin.Any> varargElementType=kotlin.Any
                CALL 'public final fun <jvm-original-method-type> (method: kotlin.Any): kotlin.Any declared in kotlin.jvm.internal' type=kotlin.Any origin=null
                  method: RAW_FUNCTION_REFERENCE 'public abstract fun invoke (): R of kotlin.Function0 [operator] declared in kotlin.Function0' type=kotlin.Any
                RAW_FUNCTION_REFERENCE 'private final fun Scaffold_5Wq9otQ$lambda$0 (): kotlin.Unit? declared in com.app.library_ui_uniform._ScaffoldKt' type=kotlin.Any
                CALL 'public final fun <jvm-original-method-type> (method: kotlin.Any): kotlin.Any declared in kotlin.jvm.internal' type=kotlin.Any origin=null
                  method: RAW_FUNCTION_REFERENCE 'public abstract fun invoke (): kotlin.Unit? [fake_override,operator] declared in kotlin.jvm.internal.invokeDynamic.<fake>' type=kotlin.Any
    WHEN type=kotlin.Unit origin=null
      BRANCH
        if: CALL 'public final fun not (): kotlin.Boolean [operator] declared in kotlin.Boolean' type=kotlin.Boolean origin=EXCLEQ
          $this: CALL 'public final fun EQEQ (arg0: kotlin.Any?, arg1: kotlin.Any?): kotlin.Boolean declared in kotlin.internal.ir' type=kotlin.Boolean origin=EXCLEQ
            arg0: CALL 'public final fun and (other: kotlin.Int): kotlin.Int [infix] declared in kotlin.Int' type=kotlin.Int origin=null
              $this: GET_VAR '$mask0: kotlin.Int declared in com.app.library_ui_uniform._ScaffoldKt.Scaffold-5Wq9otQ$default' type=kotlin.Int origin=null
              other: CONST Int type=kotlin.Int value=4
            arg1: CONST Int type=kotlin.Int value=0
        then: SET_VAR 'bottomBar: @[Composable] kotlin.Function0<kotlin.Unit>? [assignable] declared in com.app.library_ui_uniform._ScaffoldKt.Scaffold-5Wq9otQ$default' type=kotlin.Unit origin=EQ
          BLOCK type=kotlin.Function0<kotlin.Unit> origin=LAMBDA
            COMPOSITE type=kotlin.Unit origin=null
            CALL 'public final fun <jvm-indy> <T> (dynamicCall: T of kotlin.jvm.internal.<jvm-indy>, bootstrapMethodHandle: kotlin.Any, vararg bootstrapMethodArguments: kotlin.Any): T of kotlin.jvm.internal.<jvm-indy> declared in kotlin.jvm.internal' type=kotlin.Function0<kotlin.Unit> origin=null
              <T>: kotlin.Function0<kotlin.Unit>
              dynamicCall: CALL 'public final fun invoke (): kotlin.Function0<kotlin.Unit> declared in kotlin.jvm.internal.invokeDynamic' type=kotlin.Function0<kotlin.Unit> origin=null
              bootstrapMethodHandle: CALL 'public final fun <jvm-method-handle> (tag: kotlin.Int, owner: kotlin.String, name: kotlin.String, descriptor: kotlin.String, isInterface: kotlin.Boolean): kotlin.Any declared in kotlin.jvm.internal' type=kotlin.Any origin=null
                tag: CONST Int type=kotlin.Int value=6
                owner: CONST String type=kotlin.String value="java/lang/invoke/LambdaMetafactory"
                name: CONST String type=kotlin.String value="metafactory"
                descriptor: CONST String type=kotlin.String value="(Ljava/lang/invoke/MethodHandles$Lookup;Ljava/lang/String;Ljava/lang/invoke/MethodType;Ljava/lang/invoke/MethodType;Ljava/lang/invoke/MethodHandle;Ljava/lang/invoke/MethodType;)Ljava/lang/invoke/CallSite;"
                isInterface: CONST Boolean type=kotlin.Boolean value=false
              bootstrapMethodArguments: VARARG type=kotlin.Array<kotlin.Any> varargElementType=kotlin.Any
                CALL 'public final fun <jvm-original-method-type> (method: kotlin.Any): kotlin.Any declared in kotlin.jvm.internal' type=kotlin.Any origin=null
                  method: RAW_FUNCTION_REFERENCE 'public abstract fun invoke (): R of kotlin.Function0 [operator] declared in kotlin.Function0' type=kotlin.Any
                RAW_FUNCTION_REFERENCE 'private final fun Scaffold_5Wq9otQ$lambda$1 (): kotlin.Unit? declared in com.app.library_ui_uniform._ScaffoldKt' type=kotlin.Any
                CALL 'public final fun <jvm-original-method-type> (method: kotlin.Any): kotlin.Any declared in kotlin.jvm.internal' type=kotlin.Any origin=null
                  method: RAW_FUNCTION_REFERENCE 'public abstract fun invoke (): kotlin.Unit? [fake_override,operator] declared in kotlin.jvm.internal.invokeDynamic.<fake>' type=kotlin.Any
    WHEN type=kotlin.Unit origin=null
      BRANCH
        if: CALL 'public final fun not (): kotlin.Boolean [operator] declared in kotlin.Boolean' type=kotlin.Boolean origin=EXCLEQ
          $this: CALL 'public final fun EQEQ (arg0: kotlin.Any?, arg1: kotlin.Any?): kotlin.Boolean declared in kotlin.internal.ir' type=kotlin.Boolean origin=EXCLEQ
            arg0: CALL 'public final fun and (other: kotlin.Int): kotlin.Int [infix] declared in kotlin.Int' type=kotlin.Int origin=null
              $this: GET_VAR '$mask0: kotlin.Int declared in com.app.library_ui_uniform._ScaffoldKt.Scaffold-5Wq9otQ$default' type=kotlin.Int origin=null
              other: CONST Int type=kotlin.Int value=8
            arg1: CONST Int type=kotlin.Int value=0
        then: SET_VAR 'floatingActionButton: @[Composable] kotlin.Function0<kotlin.Unit>? [assignable] declared in com.app.library_ui_uniform._ScaffoldKt.Scaffold-5Wq9otQ$default' type=kotlin.Unit origin=EQ
          BLOCK type=kotlin.Function0<kotlin.Unit> origin=LAMBDA
            COMPOSITE type=kotlin.Unit origin=null
            CALL 'public final fun <jvm-indy> <T> (dynamicCall: T of kotlin.jvm.internal.<jvm-indy>, bootstrapMethodHandle: kotlin.Any, vararg bootstrapMethodArguments: kotlin.Any): T of kotlin.jvm.internal.<jvm-indy> declared in kotlin.jvm.internal' type=kotlin.Function0<kotlin.Unit> origin=null
              <T>: kotlin.Function0<kotlin.Unit>
              dynamicCall: CALL 'public final fun invoke (): kotlin.Function0<kotlin.Unit> declared in kotlin.jvm.internal.invokeDynamic' type=kotlin.Function0<kotlin.Unit> origin=null
              bootstrapMethodHandle: CALL 'public final fun <jvm-method-handle> (tag: kotlin.Int, owner: kotlin.String, name: kotlin.String, descriptor: kotlin.String, isInterface: kotlin.Boolean): kotlin.Any declared in kotlin.jvm.internal' type=kotlin.Any origin=null
                tag: CONST Int type=kotlin.Int value=6
                owner: CONST String type=kotlin.String value="java/lang/invoke/LambdaMetafactory"
                name: CONST String type=kotlin.String value="metafactory"
                descriptor: CONST String type=kotlin.String value="(Ljava/lang/invoke/MethodHandles$Lookup;Ljava/lang/String;Ljava/lang/invoke/MethodType;Ljava/lang/invoke/MethodType;Ljava/lang/invoke/MethodHandle;Ljava/lang/invoke/MethodType;)Ljava/lang/invoke/CallSite;"
                isInterface: CONST Boolean type=kotlin.Boolean value=false
              bootstrapMethodArguments: VARARG type=kotlin.Array<kotlin.Any> varargElementType=kotlin.Any
                CALL 'public final fun <jvm-original-method-type> (method: kotlin.Any): kotlin.Any declared in kotlin.jvm.internal' type=kotlin.Any origin=null
                  method: RAW_FUNCTION_REFERENCE 'public abstract fun invoke (): R of kotlin.Function0 [operator] declared in kotlin.Function0' type=kotlin.Any
                RAW_FUNCTION_REFERENCE 'private final fun Scaffold_5Wq9otQ$lambda$2 (): kotlin.Unit? declared in com.app.library_ui_uniform._ScaffoldKt' type=kotlin.Any
                CALL 'public final fun <jvm-original-method-type> (method: kotlin.Any): kotlin.Any declared in kotlin.jvm.internal' type=kotlin.Any origin=null
                  method: RAW_FUNCTION_REFERENCE 'public abstract fun invoke (): kotlin.Unit? [fake_override,operator] declared in kotlin.jvm.internal.invokeDynamic.<fake>' type=kotlin.Any
    WHEN type=kotlin.Unit origin=null
      BRANCH
        if: CALL 'public final fun not (): kotlin.Boolean [operator] declared in kotlin.Boolean' type=kotlin.Boolean origin=EXCLEQ
          $this: CALL 'public final fun EQEQ (arg0: kotlin.Any?, arg1: kotlin.Any?): kotlin.Boolean declared in kotlin.internal.ir' type=kotlin.Boolean origin=EXCLEQ
            arg0: CALL 'public final fun and (other: kotlin.Int): kotlin.Int [infix] declared in kotlin.Int' type=kotlin.Int origin=null
              $this: GET_VAR '$mask0: kotlin.Int declared in com.app.library_ui_uniform._ScaffoldKt.Scaffold-5Wq9otQ$default' type=kotlin.Int origin=null
              other: CONST Int type=kotlin.Int value=16
            arg1: CONST Int type=kotlin.Int value=0
        then: SET_VAR 'floatingActionButtonPosition: androidx.compose.material3.FabPosition [assignable] declared in com.app.library_ui_uniform._ScaffoldKt.Scaffold-5Wq9otQ$default' type=kotlin.Unit origin=EQ
          CALL 'public final fun getEnd-ERTFSPs (): androidx.compose.material3.FabPosition declared in androidx.compose.material3.FabPosition.Companion' type=androidx.compose.material3.FabPosition origin=GET_PROPERTY
            $this: GET_FIELD 'FIELD FIELD_FOR_OBJECT_INSTANCE name:Companion type:androidx.compose.material3.FabPosition.Companion visibility:public [final,static]' type=androidx.compose.material3.FabPosition.Companion origin=null
    WHEN type=kotlin.Unit origin=null
      BRANCH
        if: CALL 'public final fun not (): kotlin.Boolean [operator] declared in kotlin.Boolean' type=kotlin.Boolean origin=EXCLEQ
          $this: CALL 'public final fun EQEQ (arg0: kotlin.Any?, arg1: kotlin.Any?): kotlin.Boolean declared in kotlin.internal.ir' type=kotlin.Boolean origin=EXCLEQ
            arg0: CALL 'public final fun and (other: kotlin.Int): kotlin.Int [infix] declared in kotlin.Int' type=kotlin.Int origin=null
              $this: GET_VAR '$mask0: kotlin.Int declared in com.app.library_ui_uniform._ScaffoldKt.Scaffold-5Wq9otQ$default' type=kotlin.Int origin=null
              other: CONST Int type=kotlin.Int value=32
            arg1: CONST Int type=kotlin.Int value=0
        then: SET_VAR 'containerColor: androidx.compose.ui.graphics.Color [assignable] declared in com.app.library_ui_uniform._ScaffoldKt.Scaffold-5Wq9otQ$default' type=kotlin.Unit origin=EQ
          CALL 'public final fun getBackground-0d7_KjU (): androidx.compose.ui.graphics.Color declared in androidx.compose.material3.ColorScheme' type=androidx.compose.ui.graphics.Color origin=GET_PROPERTY
            $this: CALL 'public final fun <get-colorScheme> (): androidx.compose.material3.ColorScheme declared in androidx.compose.material3.MaterialTheme' type=androidx.compose.material3.ColorScheme origin=GET_PROPERTY
              $this: GET_FIELD 'FIELD FIELD_FOR_OBJECT_INSTANCE name:INSTANCE type:androidx.compose.material3.MaterialTheme visibility:public [final,static]' type=androidx.compose.material3.MaterialTheme origin=null
    WHEN type=kotlin.Unit origin=null
      BRANCH
        if: CALL 'public final fun not (): kotlin.Boolean [operator] declared in kotlin.Boolean' type=kotlin.Boolean origin=EXCLEQ
          $this: CALL 'public final fun EQEQ (arg0: kotlin.Any?, arg1: kotlin.Any?): kotlin.Boolean declared in kotlin.internal.ir' type=kotlin.Boolean origin=EXCLEQ
            arg0: CALL 'public final fun and (other: kotlin.Int): kotlin.Int [infix] declared in kotlin.Int' type=kotlin.Int origin=null
              $this: GET_VAR '$mask0: kotlin.Int declared in com.app.library_ui_uniform._ScaffoldKt.Scaffold-5Wq9otQ$default' type=kotlin.Int origin=null
              other: CONST Int type=kotlin.Int value=64
            arg1: CONST Int type=kotlin.Int value=0
        then: SET_VAR 'contentColor: androidx.compose.ui.graphics.Color [assignable] declared in com.app.library_ui_uniform._ScaffoldKt.Scaffold-5Wq9otQ$default' type=kotlin.Unit origin=EQ
          CALL 'public final fun contentColorFor-8_81llA (backgroundColor: androidx.compose.ui.graphics.Color): androidx.compose.ui.graphics.Color declared in androidx.compose.material3.ColorSchemeKt' type=androidx.compose.ui.graphics.Color origin=null
            backgroundColor: GET_VAR 'containerColor: androidx.compose.ui.graphics.Color [assignable] declared in com.app.library_ui_uniform._ScaffoldKt.Scaffold-5Wq9otQ$default' type=androidx.compose.ui.graphics.Color origin=null
    WHEN type=kotlin.Unit origin=null
      BRANCH
        if: CALL 'public final fun not (): kotlin.Boolean [operator] declared in kotlin.Boolean' type=kotlin.Boolean origin=EXCLEQ
          $this: CALL 'public final fun EQEQ (arg0: kotlin.Any?, arg1: kotlin.Any?): kotlin.Boolean declared in kotlin.internal.ir' type=kotlin.Boolean origin=EXCLEQ
            arg0: CALL 'public final fun and (other: kotlin.Int): kotlin.Int [infix] declared in kotlin.Int' type=kotlin.Int origin=null
              $this: GET_VAR '$mask0: kotlin.Int declared in com.app.library_ui_uniform._ScaffoldKt.Scaffold-5Wq9otQ$default' type=kotlin.Int origin=null
              other: CONST Int type=kotlin.Int value=128
            arg1: CONST Int type=kotlin.Int value=0
        then: SET_VAR 'contentWindowInsets: androidx.compose.foundation.layout.WindowInsets? [assignable] declared in com.app.library_ui_uniform._ScaffoldKt.Scaffold-5Wq9otQ$default' type=kotlin.Unit origin=EQ
          CALL 'public final fun <get-contentWindowInsets> (): androidx.compose.foundation.layout.WindowInsets declared in androidx.compose.material3.ScaffoldDefaults' type=androidx.compose.foundation.layout.WindowInsets origin=GET_PROPERTY
            $this: GET_FIELD 'FIELD FIELD_FOR_OBJECT_INSTANCE name:INSTANCE type:androidx.compose.material3.ScaffoldDefaults visibility:public [final,static]' type=androidx.compose.material3.ScaffoldDefaults origin=null
    WHEN type=kotlin.Unit origin=null
      BRANCH
        if: CALL 'public final fun not (): kotlin.Boolean [operator] declared in kotlin.Boolean' type=kotlin.Boolean origin=EXCLEQ
          $this: CALL 'public final fun EQEQ (arg0: kotlin.Any?, arg1: kotlin.Any?): kotlin.Boolean declared in kotlin.internal.ir' type=kotlin.Boolean origin=EXCLEQ
            arg0: CALL 'public final fun and (other: kotlin.Int): kotlin.Int [infix] declared in kotlin.Int' type=kotlin.Int origin=null
              $this: GET_VAR '$mask0: kotlin.Int declared in com.app.library_ui_uniform._ScaffoldKt.Scaffold-5Wq9otQ$default' type=kotlin.Int origin=null
              other: CONST Int type=kotlin.Int value=256
            arg1: CONST Int type=kotlin.Int value=0
        then: SET_VAR 'snackbarHostState: androidx.compose.material3.SnackbarHostState? [assignable] declared in com.app.library_ui_uniform._ScaffoldKt.Scaffold-5Wq9otQ$default' type=kotlin.Unit origin=EQ
          CALL 'public final fun remember <T> (calculation: @[DisallowComposableCalls] kotlin.Function0<T of androidx.compose.runtime.ComposablesKt.remember>): T of androidx.compose.runtime.ComposablesKt.remember [inline] declared in androidx.compose.runtime.ComposablesKt' type=androidx.compose.material3.SnackbarHostState origin=null
            <T>: androidx.compose.material3.SnackbarHostState
            calculation: BLOCK type=kotlin.Function0<androidx.compose.material3.SnackbarHostState> origin=LAMBDA
              COMPOSITE type=kotlin.Unit origin=null
              FUNCTION_REFERENCE 'private final fun Scaffold_5Wq9otQ$lambda$3 (): androidx.compose.material3.SnackbarHostState declared in com.app.library_ui_uniform._ScaffoldKt' type=kotlin.Function0<androidx.compose.material3.SnackbarHostState> origin=INLINE_LAMBDA reflectionTarget=null
    WHEN type=kotlin.Unit origin=null
      BRANCH
        if: CALL 'public final fun not (): kotlin.Boolean [operator] declared in kotlin.Boolean' type=kotlin.Boolean origin=EXCLEQ
          $this: CALL 'public final fun EQEQ (arg0: kotlin.Any?, arg1: kotlin.Any?): kotlin.Boolean declared in kotlin.internal.ir' type=kotlin.Boolean origin=EXCLEQ
            arg0: CALL 'public final fun and (other: kotlin.Int): kotlin.Int [infix] declared in kotlin.Int' type=kotlin.Int origin=null
              $this: GET_VAR '$mask0: kotlin.Int declared in com.app.library_ui_uniform._ScaffoldKt.Scaffold-5Wq9otQ$default' type=kotlin.Int origin=null
              other: CONST Int type=kotlin.Int value=512
            arg1: CONST Int type=kotlin.Int value=0
        then: SET_VAR 'scope: kotlinx.coroutines.CoroutineScope? [assignable] declared in com.app.library_ui_uniform._ScaffoldKt.Scaffold-5Wq9otQ$default' type=kotlin.Unit origin=EQ
          CALL 'public final fun rememberCoroutineScope$default (getContext: @[DisallowComposableCalls] kotlin.Function0<kotlin.coroutines.CoroutineContext>?, $mask0: kotlin.Int, $handler: kotlin.Any?): kotlinx.coroutines.CoroutineScope [inline] declared in androidx.compose.runtime.EffectsKt' type=kotlinx.coroutines.CoroutineScope origin=DEFAULT_DISPATCH_CALL
            getContext: COMPOSITE type=@[DisallowComposableCalls] kotlin.Function0<kotlin.coroutines.CoroutineContext>? origin=DEFAULT_VALUE
              CONST Null type=@[DisallowComposableCalls] kotlin.Function0<kotlin.coroutines.CoroutineContext>? value=null
            $mask0: CONST Int type=kotlin.Int value=1
            $handler: CONST Null type=kotlin.Any? value=null
    WHEN type=kotlin.Unit origin=null
      BRANCH
        if: CALL 'public final fun not (): kotlin.Boolean [operator] declared in kotlin.Boolean' type=kotlin.Boolean origin=EXCLEQ
          $this: CALL 'public final fun EQEQ (arg0: kotlin.Any?, arg1: kotlin.Any?): kotlin.Boolean declared in kotlin.internal.ir' type=kotlin.Boolean origin=EXCLEQ
            arg0: CALL 'public final fun and (other: kotlin.Int): kotlin.Int [infix] declared in kotlin.Int' type=kotlin.Int origin=null
              $this: GET_VAR '$mask0: kotlin.Int declared in com.app.library_ui_uniform._ScaffoldKt.Scaffold-5Wq9otQ$default' type=kotlin.Int origin=null
              other: CONST Int type=kotlin.Int value=1024
            arg1: CONST Int type=kotlin.Int value=0
        then: SET_VAR 'showSnackbar: kotlin.Function2<com.app.library_ui_uniform.SnackBarAction, @[ExtensionFunctionType] kotlin.coroutines.SuspendFunction2<kotlinx.coroutines.CoroutineScope, androidx.compose.material3.SnackbarResult, kotlin.Unit>, kotlin.Unit>? [assignable] declared in com.app.library_ui_uniform._ScaffoldKt.Scaffold-5Wq9otQ$default' type=kotlin.Unit origin=EQ
          BLOCK type=kotlin.Function2<com.app.library_ui_uniform.SnackBarAction, @[ExtensionFunctionType] kotlin.coroutines.SuspendFunction2<kotlinx.coroutines.CoroutineScope, androidx.compose.material3.SnackbarResult, kotlin.Unit>, kotlin.Unit> origin=LAMBDA
            COMPOSITE type=kotlin.Unit origin=null
            CALL 'public final fun <jvm-indy> <T> (dynamicCall: T of kotlin.jvm.internal.<jvm-indy>, bootstrapMethodHandle: kotlin.Any, vararg bootstrapMethodArguments: kotlin.Any): T of kotlin.jvm.internal.<jvm-indy> declared in kotlin.jvm.internal' type=kotlin.Function2<com.app.library_ui_uniform.SnackBarAction, @[ExtensionFunctionType] kotlin.coroutines.SuspendFunction2<kotlinx.coroutines.CoroutineScope, androidx.compose.material3.SnackbarResult, kotlin.Unit>, kotlin.Unit> origin=null
              <T>: kotlin.Function2<com.app.library_ui_uniform.SnackBarAction, @[ExtensionFunctionType] kotlin.coroutines.SuspendFunction2<kotlinx.coroutines.CoroutineScope, androidx.compose.material3.SnackbarResult, kotlin.Unit>, kotlin.Unit>
              dynamicCall: CALL 'public final fun invoke (p0: kotlinx.coroutines.CoroutineScope, p1: androidx.compose.material3.SnackbarHostState): kotlin.Function2<com.app.library_ui_uniform.SnackBarAction, @[ExtensionFunctionType] kotlin.coroutines.SuspendFunction2<kotlinx.coroutines.CoroutineScope, androidx.compose.material3.SnackbarResult, kotlin.Unit>, kotlin.Unit> declared in kotlin.jvm.internal.invokeDynamic' type=kotlin.Function2<com.app.library_ui_uniform.SnackBarAction, @[ExtensionFunctionType] kotlin.coroutines.SuspendFunction2<kotlinx.coroutines.CoroutineScope, androidx.compose.material3.SnackbarResult, kotlin.Unit>, kotlin.Unit> origin=null
                p0: GET_VAR 'scope: kotlinx.coroutines.CoroutineScope? [assignable] declared in com.app.library_ui_uniform._ScaffoldKt.Scaffold-5Wq9otQ$default' type=kotlinx.coroutines.CoroutineScope? origin=null
                p1: GET_VAR 'snackbarHostState: androidx.compose.material3.SnackbarHostState? [assignable] declared in com.app.library_ui_uniform._ScaffoldKt.Scaffold-5Wq9otQ$default' type=androidx.compose.material3.SnackbarHostState? origin=null
              bootstrapMethodHandle: CALL 'public final fun <jvm-method-handle> (tag: kotlin.Int, owner: kotlin.String, name: kotlin.String, descriptor: kotlin.String, isInterface: kotlin.Boolean): kotlin.Any declared in kotlin.jvm.internal' type=kotlin.Any origin=null
                tag: CONST Int type=kotlin.Int value=6
                owner: CONST String type=kotlin.String value="java/lang/invoke/LambdaMetafactory"
                name: CONST String type=kotlin.String value="metafactory"
                descriptor: CONST String type=kotlin.String value="(Ljava/lang/invoke/MethodHandles$Lookup;Ljava/lang/String;Ljava/lang/invoke/MethodType;Ljava/lang/invoke/MethodType;Ljava/lang/invoke/MethodHandle;Ljava/lang/invoke/MethodType;)Ljava/lang/invoke/CallSite;"
                isInterface: CONST Boolean type=kotlin.Boolean value=false
              bootstrapMethodArguments: VARARG type=kotlin.Array<kotlin.Any> varargElementType=kotlin.Any
                CALL 'public final fun <jvm-original-method-type> (method: kotlin.Any): kotlin.Any declared in kotlin.jvm.internal' type=kotlin.Any origin=null
                  method: RAW_FUNCTION_REFERENCE 'public abstract fun invoke (p1: P1 of kotlin.Function2, p2: P2 of kotlin.Function2): R of kotlin.Function2 [operator] declared in kotlin.Function2' type=kotlin.Any
                RAW_FUNCTION_REFERENCE 'private final fun Scaffold_5Wq9otQ$lambda$4 ($scope: kotlinx.coroutines.CoroutineScope, $snackbarHostState: androidx.compose.material3.SnackbarHostState, snackbarVisuals: com.app.library_ui_uniform.SnackBarAction, resultListener: @[ExtensionFunctionType] kotlin.coroutines.SuspendFunction2<kotlinx.coroutines.CoroutineScope, androidx.compose.material3.SnackbarResult, kotlin.Unit>): kotlin.Unit? declared in com.app.library_ui_uniform._ScaffoldKt' type=kotlin.Any
                CALL 'public final fun <jvm-original-method-type> (method: kotlin.Any): kotlin.Any declared in kotlin.jvm.internal' type=kotlin.Any origin=null
                  method: RAW_FUNCTION_REFERENCE 'public abstract fun invoke (p1: com.app.library_ui_uniform.SnackBarAction, p2: @[ExtensionFunctionType] kotlin.coroutines.SuspendFunction2<kotlinx.coroutines.CoroutineScope, androidx.compose.material3.SnackbarResult, kotlin.Unit>): kotlin.Unit? [fake_override,operator] declared in kotlin.jvm.internal.invokeDynamic.<fake>' type=kotlin.Any
    RETURN type=kotlin.Nothing from='public final fun Scaffold-5Wq9otQ$default (modifier: androidx.compose.ui.Modifier?, topBar: @[Composable] kotlin.Function0<kotlin.Unit>?, bottomBar: @[Composable] kotlin.Function0<kotlin.Unit>?, floatingActionButton: @[Composable] kotlin.Function0<kotlin.Unit>?, floatingActionButtonPosition: androidx.compose.material3.FabPosition, containerColor: androidx.compose.ui.graphics.Color, contentColor: androidx.compose.ui.graphics.Color, contentWindowInsets: androidx.compose.foundation.layout.WindowInsets?, snackbarHostState: androidx.compose.material3.SnackbarHostState?, scope: kotlinx.coroutines.CoroutineScope?, showSnackbar: kotlin.Function2<com.app.library_ui_uniform.SnackBarAction, @[ExtensionFunctionType] kotlin.coroutines.SuspendFunction2<kotlinx.coroutines.CoroutineScope, androidx.compose.material3.SnackbarResult, kotlin.Unit>, kotlin.Unit>?, content: @[Composable] kotlin.Function2<androidx.compose.foundation.layout.PaddingValues, kotlin.Function2<com.app.library_ui_uniform.SnackBarAction, @[ExtensionFunctionType] kotlin.coroutines.SuspendFunction2<kotlinx.coroutines.CoroutineScope, androidx.compose.material3.SnackbarResult, kotlin.Unit>, kotlin.Unit>, kotlin.Unit>, $mask0: kotlin.Int, $handler: kotlin.Any?): kotlin.Unit declared in com.app.library_ui_uniform._ScaffoldKt'
      CALL 'public final fun Scaffold-5Wq9otQ (modifier: androidx.compose.ui.Modifier, topBar: @[Composable] kotlin.Function0<kotlin.Unit>, bottomBar: @[Composable] kotlin.Function0<kotlin.Unit>, floatingActionButton: @[Composable] kotlin.Function0<kotlin.Unit>, floatingActionButtonPosition: androidx.compose.material3.FabPosition, containerColor: androidx.compose.ui.graphics.Color, contentColor: androidx.compose.ui.graphics.Color, contentWindowInsets: androidx.compose.foundation.layout.WindowInsets, snackbarHostState: androidx.compose.material3.SnackbarHostState, scope: kotlinx.coroutines.CoroutineScope, showSnackbar: kotlin.Function2<com.app.library_ui_uniform.SnackBarAction, @[ExtensionFunctionType] kotlin.coroutines.SuspendFunction2<kotlinx.coroutines.CoroutineScope, androidx.compose.material3.SnackbarResult, kotlin.Unit>, kotlin.Unit>, content: @[Composable] kotlin.Function2<androidx.compose.foundation.layout.PaddingValues, kotlin.Function2<com.app.library_ui_uniform.SnackBarAction, @[ExtensionFunctionType] kotlin.coroutines.SuspendFunction2<kotlinx.coroutines.CoroutineScope, androidx.compose.material3.SnackbarResult, kotlin.Unit>, kotlin.Unit>, kotlin.Unit>): kotlin.Unit declared in com.app.library_ui_uniform._ScaffoldKt' type=kotlin.Unit origin=DEFAULT_STUB_CALL_TO_IMPLEMENTATION
        modifier: TYPE_OP type=androidx.compose.ui.Modifier origin=IMPLICIT_CAST typeOperand=androidx.compose.ui.Modifier
          GET_VAR 'modifier: androidx.compose.ui.Modifier? [assignable] declared in com.app.library_ui_uniform._ScaffoldKt.Scaffold-5Wq9otQ$default' type=androidx.compose.ui.Modifier? origin=null
        topBar: TYPE_OP type=@[Composable] kotlin.Function0<kotlin.Unit> origin=IMPLICIT_CAST typeOperand=@[Composable] kotlin.Function0<kotlin.Unit>
          GET_VAR 'topBar: @[Composable] kotlin.Function0<kotlin.Unit>? [assignable] declared in com.app.library_ui_uniform._ScaffoldKt.Scaffold-5Wq9otQ$default' type=@[Composable] kotlin.Function0<kotlin.Unit>? origin=null
        bottomBar: TYPE_OP type=@[Composable] kotlin.Function0<kotlin.Unit> origin=IMPLICIT_CAST typeOperand=@[Composable] kotlin.Function0<kotlin.Unit>
          GET_VAR 'bottomBar: @[Composable] kotlin.Function0<kotlin.Unit>? [assignable] declared in com.app.library_ui_uniform._ScaffoldKt.Scaffold-5Wq9otQ$default' type=@[Composable] kotlin.Function0<kotlin.Unit>? origin=null
        floatingActionButton: TYPE_OP type=@[Composable] kotlin.Function0<kotlin.Unit> origin=IMPLICIT_CAST typeOperand=@[Composable] kotlin.Function0<kotlin.Unit>
          GET_VAR 'floatingActionButton: @[Composable] kotlin.Function0<kotlin.Unit>? [assignable] declared in com.app.library_ui_uniform._ScaffoldKt.Scaffold-5Wq9otQ$default' type=@[Composable] kotlin.Function0<kotlin.Unit>? origin=null
        floatingActionButtonPosition: GET_VAR 'floatingActionButtonPosition: androidx.compose.material3.FabPosition [assignable] declared in com.app.library_ui_uniform._ScaffoldKt.Scaffold-5Wq9otQ$default' type=androidx.compose.material3.FabPosition origin=null
        containerColor: GET_VAR 'containerColor: androidx.compose.ui.graphics.Color [assignable] declared in com.app.library_ui_uniform._ScaffoldKt.Scaffold-5Wq9otQ$default' type=androidx.compose.ui.graphics.Color origin=null
        contentColor: GET_VAR 'contentColor: androidx.compose.ui.graphics.Color [assignable] declared in com.app.library_ui_uniform._ScaffoldKt.Scaffold-5Wq9otQ$default' type=androidx.compose.ui.graphics.Color origin=null
        contentWindowInsets: TYPE_OP type=androidx.compose.foundation.layout.WindowInsets origin=IMPLICIT_CAST typeOperand=androidx.compose.foundation.layout.WindowInsets
          GET_VAR 'contentWindowInsets: androidx.compose.foundation.layout.WindowInsets? [assignable] declared in com.app.library_ui_uniform._ScaffoldKt.Scaffold-5Wq9otQ$default' type=androidx.compose.foundation.layout.WindowInsets? origin=null
        snackbarHostState: TYPE_OP type=androidx.compose.material3.SnackbarHostState origin=IMPLICIT_CAST typeOperand=androidx.compose.material3.SnackbarHostState
          GET_VAR 'snackbarHostState: androidx.compose.material3.SnackbarHostState? [assignable] declared in com.app.library_ui_uniform._ScaffoldKt.Scaffold-5Wq9otQ$default' type=androidx.compose.material3.SnackbarHostState? origin=null
        scope: TYPE_OP type=kotlinx.coroutines.CoroutineScope origin=IMPLICIT_CAST typeOperand=kotlinx.coroutines.CoroutineScope
          GET_VAR 'scope: kotlinx.coroutines.CoroutineScope? [assignable] declared in com.app.library_ui_uniform._ScaffoldKt.Scaffold-5Wq9otQ$default' type=kotlinx.coroutines.CoroutineScope? origin=null
        showSnackbar: TYPE_OP type=kotlin.Function2<com.app.library_ui_uniform.SnackBarAction, @[ExtensionFunctionType] kotlin.coroutines.SuspendFunction2<kotlinx.coroutines.CoroutineScope, androidx.compose.material3.SnackbarResult, kotlin.Unit>, kotlin.Unit> origin=IMPLICIT_CAST typeOperand=kotlin.Function2<com.app.library_ui_uniform.SnackBarAction, @[ExtensionFunctionType] kotlin.coroutines.SuspendFunction2<kotlinx.coroutines.CoroutineScope, androidx.compose.material3.SnackbarResult, kotlin.Unit>, kotlin.Unit>
          GET_VAR 'showSnackbar: kotlin.Function2<com.app.library_ui_uniform.SnackBarAction, @[ExtensionFunctionType] kotlin.coroutines.SuspendFunction2<kotlinx.coroutines.CoroutineScope, androidx.compose.material3.SnackbarResult, kotlin.Unit>, kotlin.Unit>? [assignable] declared in com.app.library_ui_uniform._ScaffoldKt.Scaffold-5Wq9otQ$default' type=kotlin.Function2<com.app.library_ui_uniform.SnackBarAction, @[ExtensionFunctionType] kotlin.coroutines.SuspendFunction2<kotlinx.coroutines.CoroutineScope, androidx.compose.material3.SnackbarResult, kotlin.Unit>, kotlin.Unit>? origin=null
        content: GET_VAR 'content: @[Composable] kotlin.Function2<androidx.compose.foundation.layout.PaddingValues, kotlin.Function2<com.app.library_ui_uniform.SnackBarAction, @[ExtensionFunctionType] kotlin.coroutines.SuspendFunction2<kotlinx.coroutines.CoroutineScope, androidx.compose.material3.SnackbarResult, kotlin.Unit>, kotlin.Unit>, kotlin.Unit> declared in com.app.library_ui_uniform._ScaffoldKt.Scaffold-5Wq9otQ$default' type=@[Composable] kotlin.Function2<androidx.compose.foundation.layout.PaddingValues, kotlin.Function2<com.app.library_ui_uniform.SnackBarAction, @[ExtensionFunctionType] kotlin.coroutines.SuspendFunction2<kotlinx.coroutines.CoroutineScope, androidx.compose.material3.SnackbarResult, kotlin.Unit>, kotlin.Unit>, kotlin.Unit> origin=null

	at org.jetbrains.kotlin.backend.jvm.codegen.FunctionCodegen.generate(FunctionCodegen.kt:50)
	at org.jetbrains.kotlin.backend.jvm.codegen.FunctionCodegen.generate$default(FunctionCodegen.kt:42)
	at org.jetbrains.kotlin.backend.jvm.codegen.ClassCodegen.generateMethodNode(ClassCodegen.kt:385)
	at org.jetbrains.kotlin.backend.jvm.codegen.ClassCodegen.generateMethod(ClassCodegen.kt:402)
	at org.jetbrains.kotlin.backend.jvm.codegen.ClassCodegen.generate(ClassCodegen.kt:169)
	at org.jetbrains.kotlin.backend.jvm.FileCodegen.lower(JvmPhases.kt:41)
	at org.jetbrains.kotlin.backend.common.phaser.PhaseBuildersKt.makeIrFilePhase$lambda$5(PhaseBuilders.kt:114)
	at org.jetbrains.kotlin.backend.common.phaser.PhaseBuildersKt$createSimpleNamedCompilerPhase$1.phaseBody(PhaseBuilders.kt:71)
	at org.jetbrains.kotlin.backend.common.phaser.SimpleNamedCompilerPhase.phaseBody(CompilerPhase.kt:226)
	at org.jetbrains.kotlin.backend.common.phaser.AbstractNamedCompilerPhase.invoke(CompilerPhase.kt:113)
	at org.jetbrains.kotlin.backend.common.phaser.PerformByIrFilePhase.invokeSequential(performByIrFile.kt:62)
	... 44 more
Caused by: org.jetbrains.kotlin.codegen.CompilationException: Back-end (JVM) Internal error: Couldn't inline method call: CALL 'public final fun remember <T> (calculation: @[DisallowComposableCalls] kotlin.Function0<T of androidx.compose.runtime.ComposablesKt.remember>): T of androidx.compose.runtime.ComposablesKt.remember [inline] declared in androidx.compose.runtime.ComposablesKt' type=androidx.compose.material3.SnackbarHostState origin=null
Method: null
File is unknown
The root cause java.lang.IllegalStateException was thrown at: org.jetbrains.kotlin.codegen.inline.SourceCompilerForInlineKt.getMethodNode(SourceCompilerForInline.kt:118)
	at org.jetbrains.kotlin.codegen.inline.InlineCodegen.performInline(InlineCodegen.kt:65)
	at org.jetbrains.kotlin.backend.jvm.codegen.IrInlineCodegen.genInlineCall(IrInlineCodegen.kt:162)
	at org.jetbrains.kotlin.backend.jvm.codegen.IrInlineCallGenerator.genCall(IrInlineCallGenerator.kt:36)
	at org.jetbrains.kotlin.backend.jvm.codegen.ExpressionCodegen.visitCall(ExpressionCodegen.kt:647)
	at org.jetbrains.kotlin.backend.jvm.codegen.ExpressionCodegen.visitCall(ExpressionCodegen.kt:137)
	at org.jetbrains.kotlin.ir.expressions.IrCall.accept(IrCall.kt:24)
	at org.jetbrains.kotlin.backend.jvm.codegen.ExpressionCodegen.visitSetValue(ExpressionCodegen.kt:929)
	at org.jetbrains.kotlin.backend.jvm.codegen.ExpressionCodegen.visitSetValue(ExpressionCodegen.kt:137)
	at org.jetbrains.kotlin.ir.expressions.IrSetValue.accept(IrSetValue.kt:21)
	at org.jetbrains.kotlin.backend.jvm.codegen.ExpressionCodegen.visitWhen(ExpressionCodegen.kt:1095)
	at org.jetbrains.kotlin.backend.jvm.codegen.ExpressionCodegen.visitWhen(ExpressionCodegen.kt:137)
	at org.jetbrains.kotlin.ir.expressions.IrWhen.accept(IrWhen.kt:24)
	at org.jetbrains.kotlin.backend.jvm.codegen.ExpressionCodegen.visitStatementContainer(ExpressionCodegen.kt:573)
	at org.jetbrains.kotlin.backend.jvm.codegen.ExpressionCodegen.visitBlockBody(ExpressionCodegen.kt:578)
	at org.jetbrains.kotlin.backend.jvm.codegen.ExpressionCodegen.visitBlockBody(ExpressionCodegen.kt:137)
	at org.jetbrains.kotlin.ir.expressions.IrBlockBody.accept(IrBlockBody.kt:20)
	at org.jetbrains.kotlin.backend.jvm.codegen.ExpressionCodegen.generate(ExpressionCodegen.kt:239)
	at org.jetbrains.kotlin.backend.jvm.codegen.FunctionCodegen.doGenerate(FunctionCodegen.kt:121)
	at org.jetbrains.kotlin.backend.jvm.codegen.FunctionCodegen.generate(FunctionCodegen.kt:46)
	... 54 more
Caused by: java.lang.IllegalStateException: couldn't find inline method Landroidx/compose/runtime/ComposablesKt;.remember(Lkotlin/jvm/functions/Function0;)Ljava/lang/Object;
	at org.jetbrains.kotlin.codegen.inline.SourceCompilerForInlineKt.getMethodNode(SourceCompilerForInline.kt:118)
	at org.jetbrains.kotlin.codegen.inline.SourceCompilerForInlineKt.loadCompiledInlineFunction(SourceCompilerForInline.kt:96)
	at org.jetbrains.kotlin.backend.jvm.codegen.IrSourceCompilerForInline.compileInlineFunction(IrSourceCompilerForInline.kt:91)
	at org.jetbrains.kotlin.codegen.inline.InlineCodegen.compileInline(InlineCodegen.kt:43)
	at org.jetbrains.kotlin.codegen.inline.InlineCodegen.performInline(InlineCodegen.kt:51)
	... 72 more


